PLINK v1.90b6.7 64-bit (2 Dec 2018)
Options in effect:
  --out f_try
  --pca
  --vcf ancestry-reference-2019-10-28.pruned.vcf.gz

Hostname: instance-massmarketvoid-popgen
Working directory: /home/danat
Start time: Tue Oct 29 14:55:47 2019

Random number seed: 1572360947
15043 MB RAM detected; reserving 7521 MB for main workspace.
--vcf: f_try-temporary.bed + f_try-temporary.bim + f_try-temporary.fam written.
278358 variants loaded from .bim file.
5444 people (0 males, 0 females, 5444 ambiguous) loaded from .fam.
Ambiguous sex IDs written to f_try.nosex .
Using up to 4 threads (change this with --threads).
Before main variant filters, 5444 founders and 0 nonfounders present.
Calculating allele frequencies... done.
Total genotyping rate is 0.998096.
278358 variants and 5444 people pass filters and QC.
Note: No phenotypes present.
Relationship matrix calculation complete.
--pca: Results saved to f_try.eigenval and f_try.eigenvec .

End time: Tue Oct 29 15:13:29 2019
